[2025-11-19T21:39:40.105+0000] {taskinstance.py:1956} INFO - Dependencies all met for dep_context=non-requeueable deps ti=<TaskInstance: full_ml_pipeline_v2.retrain_task manual__2025-11-19T21:39:15.358997+00:00 [queued]>
[2025-11-19T21:39:40.115+0000] {taskinstance.py:1956} INFO - Dependencies all met for dep_context=requeueable deps ti=<TaskInstance: full_ml_pipeline_v2.retrain_task manual__2025-11-19T21:39:15.358997+00:00 [queued]>
[2025-11-19T21:39:40.116+0000] {taskinstance.py:2170} INFO - Starting attempt 1 of 2
[2025-11-19T21:39:40.134+0000] {taskinstance.py:2191} INFO - Executing <Task(BashOperator): retrain_task> on 2025-11-19 21:39:15.358997+00:00
[2025-11-19T21:39:40.141+0000] {standard_task_runner.py:60} INFO - Started process 629 to run task
[2025-11-19T21:39:40.145+0000] {standard_task_runner.py:87} INFO - Running: ['***', 'tasks', 'run', 'full_ml_pipeline_v2', 'retrain_task', 'manual__2025-11-19T21:39:15.358997+00:00', '--job-id', '20', '--raw', '--subdir', 'DAGS_FOLDER/pipeline_dag.py', '--cfg-path', '/tmp/tmp2d32xxqq']
[2025-11-19T21:39:40.148+0000] {standard_task_runner.py:88} INFO - Job 20: Subtask retrain_task
[2025-11-19T21:39:40.354+0000] {task_command.py:423} INFO - Running <TaskInstance: full_ml_pipeline_v2.retrain_task manual__2025-11-19T21:39:15.358997+00:00 [running]> on host ae5cbfb06204
[2025-11-19T21:39:40.434+0000] {taskinstance.py:2480} INFO - Exporting env vars: AIRFLOW_CTX_DAG_OWNER='equipo_datos' AIRFLOW_CTX_DAG_ID='full_ml_pipeline_v2' AIRFLOW_CTX_TASK_ID='retrain_task' AIRFLOW_CTX_EXECUTION_DATE='2025-11-19T21:39:15.358997+00:00' AIRFLOW_CTX_TRY_NUMBER='1' AIRFLOW_CTX_DAG_RUN_ID='manual__2025-11-19T21:39:15.358997+00:00'
[2025-11-19T21:39:40.436+0000] {subprocess.py:63} INFO - Tmp dir root location: /tmp
[2025-11-19T21:39:40.438+0000] {subprocess.py:75} INFO - Running command: ['/usr/bin/bash', '-c', 'python /opt/***/scripts/train_optuna_mlflow.py']
[2025-11-19T21:39:40.446+0000] {subprocess.py:86} INFO - Output:
[2025-11-19T21:39:42.881+0000] {subprocess.py:93} INFO - [I 2025-11-19 21:39:42,881] A new study created in memory with name: no-name-ea152b48-7bdd-4e88-8729-291e0e99d6ae
[2025-11-19T21:39:50.929+0000] {subprocess.py:93} INFO - /home/***/.local/lib/python3.8/site-packages/xgboost/core.py:158: UserWarning: [21:39:43] WARNING: /workspace/src/learner.cc:740:
[2025-11-19T21:39:50.929+0000] {subprocess.py:93} INFO - Parameters: { "use_label_encoder" } are not used.
[2025-11-19T21:39:50.930+0000] {subprocess.py:93} INFO - 
[2025-11-19T21:39:50.930+0000] {subprocess.py:93} INFO -   warnings.warn(smsg, UserWarning)
[2025-11-19T21:39:50.930+0000] {subprocess.py:93} INFO - [I 2025-11-19 21:39:50,928] Trial 0 finished with value: 0.625382731469244 and parameters: {'n_estimators': 157, 'max_depth': 6, 'learning_rate': 0.09217911880037477, 'subsample': 0.6194131418986635, 'colsample_bytree': 0.8995405070535769}. Best is trial 0 with value: 0.625382731469244.
[2025-11-19T21:39:56.663+0000] {subprocess.py:93} INFO - /home/***/.local/lib/python3.8/site-packages/xgboost/core.py:158: UserWarning: [21:39:51] WARNING: /workspace/src/learner.cc:740:
[2025-11-19T21:39:56.664+0000] {subprocess.py:93} INFO - Parameters: { "use_label_encoder" } are not used.
[2025-11-19T21:39:56.664+0000] {subprocess.py:93} INFO - 
[2025-11-19T21:39:56.665+0000] {subprocess.py:93} INFO -   warnings.warn(smsg, UserWarning)
[2025-11-19T21:39:56.665+0000] {subprocess.py:93} INFO - [I 2025-11-19 21:39:56,663] Trial 1 finished with value: 0.5647251808448739 and parameters: {'n_estimators': 131, 'max_depth': 5, 'learning_rate': 0.037612320651535906, 'subsample': 0.7369491622158291, 'colsample_bytree': 0.9657367336301704}. Best is trial 0 with value: 0.625382731469244.
[2025-11-19T21:40:02.969+0000] {subprocess.py:93} INFO - /home/***/.local/lib/python3.8/site-packages/xgboost/core.py:158: UserWarning: [21:39:56] WARNING: /workspace/src/learner.cc:740:
[2025-11-19T21:40:02.970+0000] {subprocess.py:93} INFO - Parameters: { "use_label_encoder" } are not used.
[2025-11-19T21:40:02.970+0000] {subprocess.py:93} INFO - 
[2025-11-19T21:40:02.971+0000] {subprocess.py:93} INFO -   warnings.warn(smsg, UserWarning)
[2025-11-19T21:40:02.972+0000] {subprocess.py:93} INFO - [I 2025-11-19 21:40:02,969] Trial 2 finished with value: 0.5573536628053836 and parameters: {'n_estimators': 145, 'max_depth': 5, 'learning_rate': 0.02498694145139692, 'subsample': 0.9510962331724047, 'colsample_bytree': 0.8104922375989285}. Best is trial 0 with value: 0.625382731469244.
[2025-11-19T21:40:08.572+0000] {subprocess.py:93} INFO - /home/***/.local/lib/python3.8/site-packages/xgboost/core.py:158: UserWarning: [21:40:03] WARNING: /workspace/src/learner.cc:740:
[2025-11-19T21:40:08.573+0000] {subprocess.py:93} INFO - Parameters: { "use_label_encoder" } are not used.
[2025-11-19T21:40:08.574+0000] {subprocess.py:93} INFO - 
[2025-11-19T21:40:08.575+0000] {subprocess.py:93} INFO -   warnings.warn(smsg, UserWarning)
[2025-11-19T21:40:08.575+0000] {subprocess.py:93} INFO - [I 2025-11-19 21:40:08,572] Trial 3 finished with value: 0.5551930068595674 and parameters: {'n_estimators': 172, 'max_depth': 3, 'learning_rate': 0.0777227501800171, 'subsample': 0.6513102635110538, 'colsample_bytree': 0.7685839511307351}. Best is trial 0 with value: 0.625382731469244.
[2025-11-19T21:40:15.751+0000] {subprocess.py:93} INFO - /home/***/.local/lib/python3.8/site-packages/xgboost/core.py:158: UserWarning: [21:40:08] WARNING: /workspace/src/learner.cc:740:
[2025-11-19T21:40:15.752+0000] {subprocess.py:93} INFO - Parameters: { "use_label_encoder" } are not used.
[2025-11-19T21:40:15.753+0000] {subprocess.py:93} INFO - 
[2025-11-19T21:40:15.753+0000] {subprocess.py:93} INFO -   warnings.warn(smsg, UserWarning)
[2025-11-19T21:40:15.754+0000] {subprocess.py:93} INFO - [I 2025-11-19 21:40:15,751] Trial 4 finished with value: 0.5794349800280194 and parameters: {'n_estimators': 111, 'max_depth': 7, 'learning_rate': 0.02446657760233948, 'subsample': 0.8213266733049842, 'colsample_bytree': 0.8664299754673945}. Best is trial 0 with value: 0.625382731469244.
[2025-11-19T21:40:20.972+0000] {subprocess.py:93} INFO - /home/***/.local/lib/python3.8/site-packages/xgboost/core.py:158: UserWarning: [21:40:15] WARNING: /workspace/src/learner.cc:740:
[2025-11-19T21:40:20.973+0000] {subprocess.py:93} INFO - Parameters: { "use_label_encoder" } are not used.
[2025-11-19T21:40:20.973+0000] {subprocess.py:93} INFO - 
[2025-11-19T21:40:20.974+0000] {subprocess.py:93} INFO -   warnings.warn(smsg, UserWarning)
[2025-11-19T21:40:20.974+0000] {subprocess.py:93} INFO - [I 2025-11-19 21:40:20,972] Trial 5 finished with value: 0.6948164713500293 and parameters: {'n_estimators': 105, 'max_depth': 8, 'learning_rate': 0.20092242238594368, 'subsample': 0.6009276848956876, 'colsample_bytree': 0.77903251087578}. Best is trial 5 with value: 0.6948164713500293.
[2025-11-19T21:40:29.533+0000] {subprocess.py:93} INFO - /home/***/.local/lib/python3.8/site-packages/xgboost/core.py:158: UserWarning: [21:40:21] WARNING: /workspace/src/learner.cc:740:
[2025-11-19T21:40:29.533+0000] {subprocess.py:93} INFO - Parameters: { "use_label_encoder" } are not used.
[2025-11-19T21:40:29.539+0000] {subprocess.py:93} INFO - 
[2025-11-19T21:40:29.539+0000] {subprocess.py:93} INFO -   warnings.warn(smsg, UserWarning)
[2025-11-19T21:40:29.540+0000] {subprocess.py:93} INFO - [I 2025-11-19 21:40:29,532] Trial 6 finished with value: 0.5614976809332756 and parameters: {'n_estimators': 178, 'max_depth': 6, 'learning_rate': 0.015061569153189264, 'subsample': 0.6870000635904177, 'colsample_bytree': 0.9088971017902416}. Best is trial 5 with value: 0.6948164713500293.
[2025-11-19T21:40:46.936+0000] {subprocess.py:93} INFO - /home/***/.local/lib/python3.8/site-packages/xgboost/core.py:158: UserWarning: [21:40:29] WARNING: /workspace/src/learner.cc:740:
[2025-11-19T21:40:46.937+0000] {subprocess.py:93} INFO - Parameters: { "use_label_encoder" } are not used.
[2025-11-19T21:40:46.937+0000] {subprocess.py:93} INFO - 
[2025-11-19T21:40:46.938+0000] {subprocess.py:93} INFO -   warnings.warn(smsg, UserWarning)
[2025-11-19T21:40:46.938+0000] {subprocess.py:93} INFO - [I 2025-11-19 21:40:46,936] Trial 7 finished with value: 0.619671756991955 and parameters: {'n_estimators': 192, 'max_depth': 8, 'learning_rate': 0.0275450768440214, 'subsample': 0.9668366202803661, 'colsample_bytree': 0.6503485050682912}. Best is trial 5 with value: 0.6948164713500293.
[2025-11-19T21:40:53.669+0000] {subprocess.py:93} INFO - /home/***/.local/lib/python3.8/site-packages/xgboost/core.py:158: UserWarning: [21:40:47] WARNING: /workspace/src/learner.cc:740:
[2025-11-19T21:40:53.670+0000] {subprocess.py:93} INFO - Parameters: { "use_label_encoder" } are not used.
[2025-11-19T21:40:53.670+0000] {subprocess.py:93} INFO - 
[2025-11-19T21:40:53.671+0000] {subprocess.py:93} INFO -   warnings.warn(smsg, UserWarning)
[2025-11-19T21:40:53.671+0000] {subprocess.py:93} INFO - [I 2025-11-19 21:40:53,669] Trial 8 finished with value: 0.5424923409547685 and parameters: {'n_estimators': 148, 'max_depth': 4, 'learning_rate': 0.02677565027570471, 'subsample': 0.7883157689381668, 'colsample_bytree': 0.7198183844539063}. Best is trial 5 with value: 0.6948164713500293.
[2025-11-19T21:41:06.703+0000] {subprocess.py:93} INFO - /home/***/.local/lib/python3.8/site-packages/xgboost/core.py:158: UserWarning: [21:40:53] WARNING: /workspace/src/learner.cc:740:
[2025-11-19T21:41:06.704+0000] {subprocess.py:93} INFO - Parameters: { "use_label_encoder" } are not used.
[2025-11-19T21:41:06.704+0000] {subprocess.py:93} INFO - 
[2025-11-19T21:41:06.705+0000] {subprocess.py:93} INFO -   warnings.warn(smsg, UserWarning)
[2025-11-19T21:41:06.705+0000] {subprocess.py:93} INFO - [I 2025-11-19 21:41:06,703] Trial 9 finished with value: 0.5841703766444146 and parameters: {'n_estimators': 127, 'max_depth': 7, 'learning_rate': 0.026309853944611408, 'subsample': 0.9311070544150621, 'colsample_bytree': 0.7044564024553515}. Best is trial 5 with value: 0.6948164713500293.
[2025-11-19T21:41:18.449+0000] {subprocess.py:93} INFO - /home/***/.local/lib/python3.8/site-packages/xgboost/core.py:158: UserWarning: [21:41:06] WARNING: /workspace/src/learner.cc:740:
[2025-11-19T21:41:18.450+0000] {subprocess.py:93} INFO - Parameters: { "use_label_encoder" } are not used.
[2025-11-19T21:41:18.451+0000] {subprocess.py:93} INFO - 
[2025-11-19T21:41:18.451+0000] {subprocess.py:93} INFO -   warnings.warn(smsg, UserWarning)
[2025-11-19T21:41:18.451+0000] {subprocess.py:93} INFO - [I 2025-11-19 21:41:18,449] Trial 10 finished with value: 0.7012841176952468 and parameters: {'n_estimators': 101, 'max_depth': 8, 'learning_rate': 0.2717460499546982, 'subsample': 0.8492263006102432, 'colsample_bytree': 0.6152299259457102}. Best is trial 10 with value: 0.7012841176952468.
[2025-11-19T21:41:37.758+0000] {subprocess.py:93} INFO - /home/***/.local/lib/python3.8/site-packages/xgboost/core.py:158: UserWarning: [21:41:18] WARNING: /workspace/src/learner.cc:740:
[2025-11-19T21:41:37.759+0000] {subprocess.py:93} INFO - Parameters: { "use_label_encoder" } are not used.
[2025-11-19T21:41:37.760+0000] {subprocess.py:93} INFO - 
[2025-11-19T21:41:37.760+0000] {subprocess.py:93} INFO -   warnings.warn(smsg, UserWarning)
[2025-11-19T21:41:37.761+0000] {subprocess.py:93} INFO - [I 2025-11-19 21:41:37,758] Trial 11 finished with value: 0.6993912838041625 and parameters: {'n_estimators': 102, 'max_depth': 8, 'learning_rate': 0.26887349981535175, 'subsample': 0.8512402761729776, 'colsample_bytree': 0.605078953122037}. Best is trial 10 with value: 0.7012841176952468.
[2025-11-19T21:42:16.165+0000] {subprocess.py:93} INFO - /home/***/.local/lib/python3.8/site-packages/xgboost/core.py:158: UserWarning: [21:41:38] WARNING: /workspace/src/learner.cc:740:
[2025-11-19T21:42:16.165+0000] {subprocess.py:93} INFO - Parameters: { "use_label_encoder" } are not used.
[2025-11-19T21:42:16.166+0000] {subprocess.py:93} INFO - 
[2025-11-19T21:42:16.166+0000] {subprocess.py:93} INFO -   warnings.warn(smsg, UserWarning)
[2025-11-19T21:42:16.167+0000] {subprocess.py:93} INFO - [I 2025-11-19 21:42:16,164] Trial 12 finished with value: 0.706133807444521 and parameters: {'n_estimators': 102, 'max_depth': 8, 'learning_rate': 0.2960988437823763, 'subsample': 0.8605009890971309, 'colsample_bytree': 0.6056541777999838}. Best is trial 12 with value: 0.706133807444521.
[2025-11-19T21:42:22.298+0000] {subprocess.py:93} INFO - /home/***/.local/lib/python3.8/site-packages/xgboost/core.py:158: UserWarning: [21:42:16] WARNING: /workspace/src/learner.cc:740:
[2025-11-19T21:42:22.299+0000] {subprocess.py:93} INFO - Parameters: { "use_label_encoder" } are not used.
[2025-11-19T21:42:22.299+0000] {subprocess.py:93} INFO - 
[2025-11-19T21:42:22.299+0000] {subprocess.py:93} INFO -   warnings.warn(smsg, UserWarning)
[2025-11-19T21:42:22.300+0000] {subprocess.py:93} INFO - [I 2025-11-19 21:42:22,298] Trial 13 finished with value: 0.6566724077106983 and parameters: {'n_estimators': 121, 'max_depth': 7, 'learning_rate': 0.1516306671137494, 'subsample': 0.8800588300482174, 'colsample_bytree': 0.6327057436591866}. Best is trial 12 with value: 0.706133807444521.
[2025-11-19T21:42:30.093+0000] {subprocess.py:93} INFO - /home/***/.local/lib/python3.8/site-packages/xgboost/core.py:158: UserWarning: [21:42:22] WARNING: /workspace/src/learner.cc:740:
[2025-11-19T21:42:30.094+0000] {subprocess.py:93} INFO - Parameters: { "use_label_encoder" } are not used.
[2025-11-19T21:42:30.095+0000] {subprocess.py:93} INFO - 
[2025-11-19T21:42:30.095+0000] {subprocess.py:93} INFO -   warnings.warn(smsg, UserWarning)
[2025-11-19T21:42:30.095+0000] {subprocess.py:93} INFO - [I 2025-11-19 21:42:30,093] Trial 14 finished with value: 0.675147061209197 and parameters: {'n_estimators': 117, 'max_depth': 8, 'learning_rate': 0.1393931769231219, 'subsample': 0.892138590847594, 'colsample_bytree': 0.6779429706555787}. Best is trial 12 with value: 0.706133807444521.
[2025-11-19T21:42:34.426+0000] {subprocess.py:93} INFO - /home/***/.local/lib/python3.8/site-packages/xgboost/core.py:158: UserWarning: [21:42:30] WARNING: /workspace/src/learner.cc:740:
[2025-11-19T21:42:34.427+0000] {subprocess.py:93} INFO - Parameters: { "use_label_encoder" } are not used.
[2025-11-19T21:42:34.428+0000] {subprocess.py:93} INFO - 
[2025-11-19T21:42:34.428+0000] {subprocess.py:93} INFO -   warnings.warn(smsg, UserWarning)
[2025-11-19T21:42:34.429+0000] {subprocess.py:93} INFO - [I 2025-11-19 21:42:34,426] Trial 15 finished with value: 0.6825096457084404 and parameters: {'n_estimators': 100, 'max_depth': 7, 'learning_rate': 0.27496876146830973, 'subsample': 0.7823718036780369, 'colsample_bytree': 0.6159658093888032}. Best is trial 12 with value: 0.706133807444521.
[2025-11-19T21:42:40.380+0000] {subprocess.py:93} INFO - /home/***/.local/lib/python3.8/site-packages/xgboost/core.py:158: UserWarning: [21:42:34] WARNING: /workspace/src/learner.cc:740:
[2025-11-19T21:42:40.381+0000] {subprocess.py:93} INFO - Parameters: { "use_label_encoder" } are not used.
[2025-11-19T21:42:40.382+0000] {subprocess.py:93} INFO - 
[2025-11-19T21:42:40.382+0000] {subprocess.py:93} INFO -   warnings.warn(smsg, UserWarning)
[2025-11-19T21:42:40.382+0000] {subprocess.py:93} INFO - [I 2025-11-19 21:42:40,380] Trial 16 finished with value: 0.6223938784440501 and parameters: {'n_estimators': 131, 'max_depth': 6, 'learning_rate': 0.11175853464800661, 'subsample': 0.7419198355549591, 'colsample_bytree': 0.7101057745101436}. Best is trial 12 with value: 0.706133807444521.
[2025-11-19T21:42:47.547+0000] {subprocess.py:93} INFO - /home/***/.local/lib/python3.8/site-packages/xgboost/core.py:158: UserWarning: [21:42:40] WARNING: /workspace/src/learner.cc:740:
[2025-11-19T21:42:47.547+0000] {subprocess.py:93} INFO - Parameters: { "use_label_encoder" } are not used.
[2025-11-19T21:42:47.548+0000] {subprocess.py:93} INFO - 
[2025-11-19T21:42:47.549+0000] {subprocess.py:93} INFO -   warnings.warn(smsg, UserWarning)
[2025-11-19T21:42:47.549+0000] {subprocess.py:93} INFO - [I 2025-11-19 21:42:47,546] Trial 17 finished with value: 0.6369684288326265 and parameters: {'n_estimators': 140, 'max_depth': 8, 'learning_rate': 0.05834992844847182, 'subsample': 0.9150398658620764, 'colsample_bytree': 0.6679966615124263}. Best is trial 12 with value: 0.706133807444521.
[2025-11-19T21:42:53.820+0000] {subprocess.py:93} INFO - /home/***/.local/lib/python3.8/site-packages/xgboost/core.py:158: UserWarning: [21:42:47] WARNING: /workspace/src/learner.cc:740:
[2025-11-19T21:42:53.820+0000] {subprocess.py:93} INFO - Parameters: { "use_label_encoder" } are not used.
[2025-11-19T21:42:53.821+0000] {subprocess.py:93} INFO - 
[2025-11-19T21:42:53.821+0000] {subprocess.py:93} INFO -   warnings.warn(smsg, UserWarning)
[2025-11-19T21:42:53.822+0000] {subprocess.py:93} INFO - [I 2025-11-19 21:42:53,819] Trial 18 finished with value: 0.6697025788957994 and parameters: {'n_estimators': 114, 'max_depth': 7, 'learning_rate': 0.19818959084623294, 'subsample': 0.9994027503705486, 'colsample_bytree': 0.6011880334387095}. Best is trial 12 with value: 0.706133807444521.
[2025-11-19T21:42:57.899+0000] {subprocess.py:93} INFO - /home/***/.local/lib/python3.8/site-packages/xgboost/core.py:158: UserWarning: [21:42:53] WARNING: /workspace/src/learner.cc:740:
[2025-11-19T21:42:57.900+0000] {subprocess.py:93} INFO - Parameters: { "use_label_encoder" } are not used.
[2025-11-19T21:42:57.901+0000] {subprocess.py:93} INFO - 
[2025-11-19T21:42:57.901+0000] {subprocess.py:93} INFO -   warnings.warn(smsg, UserWarning)
