[2025-11-19T23:29:04.344+0000] {taskinstance.py:1956} INFO - Dependencies all met for dep_context=non-requeueable deps ti=<TaskInstance: full_ml_pipeline_v2.retrain_task manual__2025-11-19T22:19:50.757745+00:00 [queued]>
[2025-11-19T23:29:04.355+0000] {taskinstance.py:1956} INFO - Dependencies all met for dep_context=requeueable deps ti=<TaskInstance: full_ml_pipeline_v2.retrain_task manual__2025-11-19T22:19:50.757745+00:00 [queued]>
[2025-11-19T23:29:04.356+0000] {taskinstance.py:2170} INFO - Starting attempt 5 of 6
[2025-11-19T23:29:04.372+0000] {taskinstance.py:2191} INFO - Executing <Task(BashOperator): retrain_task> on 2025-11-19 22:19:50.757745+00:00
[2025-11-19T23:29:04.379+0000] {standard_task_runner.py:60} INFO - Started process 609 to run task
[2025-11-19T23:29:04.382+0000] {standard_task_runner.py:87} INFO - Running: ['***', 'tasks', 'run', 'full_ml_pipeline_v2', 'retrain_task', 'manual__2025-11-19T22:19:50.757745+00:00', '--job-id', '31', '--raw', '--subdir', 'DAGS_FOLDER/pipeline_dag.py', '--cfg-path', '/tmp/tmp4merj91s']
[2025-11-19T23:29:04.385+0000] {standard_task_runner.py:88} INFO - Job 31: Subtask retrain_task
[2025-11-19T23:29:04.630+0000] {task_command.py:423} INFO - Running <TaskInstance: full_ml_pipeline_v2.retrain_task manual__2025-11-19T22:19:50.757745+00:00 [running]> on host 82cf0d6cbc8c
[2025-11-19T23:29:04.715+0000] {taskinstance.py:2480} INFO - Exporting env vars: AIRFLOW_CTX_DAG_OWNER='equipo_datos' AIRFLOW_CTX_DAG_ID='full_ml_pipeline_v2' AIRFLOW_CTX_TASK_ID='retrain_task' AIRFLOW_CTX_EXECUTION_DATE='2025-11-19T22:19:50.757745+00:00' AIRFLOW_CTX_TRY_NUMBER='5' AIRFLOW_CTX_DAG_RUN_ID='manual__2025-11-19T22:19:50.757745+00:00'
[2025-11-19T23:29:04.716+0000] {subprocess.py:63} INFO - Tmp dir root location: /tmp
[2025-11-19T23:29:04.717+0000] {subprocess.py:75} INFO - Running command: ['/usr/bin/bash', '-c', 'python /opt/***/scripts/train_optuna_mlflow.py']
[2025-11-19T23:29:04.730+0000] {subprocess.py:86} INFO - Output:
[2025-11-19T23:29:07.070+0000] {subprocess.py:93} INFO - [I 2025-11-19 23:29:07,069] A new study created in memory with name: no-name-90f97d52-6e4e-4714-ba28-f827c43f7d47
[2025-11-19T23:29:16.631+0000] {subprocess.py:93} INFO - /home/***/.local/lib/python3.8/site-packages/xgboost/core.py:158: UserWarning: [23:29:07] WARNING: /workspace/src/learner.cc:740:
[2025-11-19T23:29:16.632+0000] {subprocess.py:93} INFO - Parameters: { "use_label_encoder" } are not used.
[2025-11-19T23:29:16.632+0000] {subprocess.py:93} INFO - 
[2025-11-19T23:29:16.633+0000] {subprocess.py:93} INFO -   warnings.warn(smsg, UserWarning)
[2025-11-19T23:29:16.633+0000] {subprocess.py:93} INFO - [I 2025-11-19 23:29:16,631] Trial 0 finished with value: 0.571928130553377 and parameters: {'n_estimators': 145, 'max_depth': 6, 'learning_rate': 0.028110635079023474, 'subsample': 0.8276509026243208, 'colsample_bytree': 0.799388593695007}. Best is trial 0 with value: 0.571928130553377.
[2025-11-19T23:29:24.298+0000] {subprocess.py:93} INFO - /home/***/.local/lib/python3.8/site-packages/xgboost/core.py:158: UserWarning: [23:29:16] WARNING: /workspace/src/learner.cc:740:
[2025-11-19T23:29:24.299+0000] {subprocess.py:93} INFO - Parameters: { "use_label_encoder" } are not used.
[2025-11-19T23:29:24.300+0000] {subprocess.py:93} INFO - 
[2025-11-19T23:29:24.300+0000] {subprocess.py:93} INFO -   warnings.warn(smsg, UserWarning)
[2025-11-19T23:29:24.301+0000] {subprocess.py:93} INFO - [I 2025-11-19 23:29:24,298] Trial 1 finished with value: 0.6246490408015823 and parameters: {'n_estimators': 178, 'max_depth': 5, 'learning_rate': 0.13688206017562377, 'subsample': 0.9303569269054127, 'colsample_bytree': 0.9737184585279404}. Best is trial 1 with value: 0.6246490408015823.
[2025-11-19T23:29:31.956+0000] {subprocess.py:93} INFO - /home/***/.local/lib/python3.8/site-packages/xgboost/core.py:158: UserWarning: [23:29:24] WARNING: /workspace/src/learner.cc:740:
[2025-11-19T23:29:31.958+0000] {subprocess.py:93} INFO - Parameters: { "use_label_encoder" } are not used.
[2025-11-19T23:29:31.961+0000] {subprocess.py:93} INFO - 
[2025-11-19T23:29:31.962+0000] {subprocess.py:93} INFO -   warnings.warn(smsg, UserWarning)
[2025-11-19T23:29:31.963+0000] {subprocess.py:93} INFO - [I 2025-11-19 23:29:31,956] Trial 2 finished with value: 0.557005756297125 and parameters: {'n_estimators': 182, 'max_depth': 5, 'learning_rate': 0.021975340156590636, 'subsample': 0.9980419234951154, 'colsample_bytree': 0.9978172725725185}. Best is trial 1 with value: 0.6246490408015823.
[2025-11-19T23:29:43.454+0000] {subprocess.py:93} INFO - /home/***/.local/lib/python3.8/site-packages/xgboost/core.py:158: UserWarning: [23:29:32] WARNING: /workspace/src/learner.cc:740:
[2025-11-19T23:29:43.454+0000] {subprocess.py:93} INFO - Parameters: { "use_label_encoder" } are not used.
[2025-11-19T23:29:43.455+0000] {subprocess.py:93} INFO - 
[2025-11-19T23:29:43.455+0000] {subprocess.py:93} INFO -   warnings.warn(smsg, UserWarning)
[2025-11-19T23:29:43.456+0000] {subprocess.py:93} INFO - [I 2025-11-19 23:29:43,453] Trial 3 finished with value: 0.6809914711161238 and parameters: {'n_estimators': 118, 'max_depth': 7, 'learning_rate': 0.22039668247617056, 'subsample': 0.6397747271020441, 'colsample_bytree': 0.6696319487725687}. Best is trial 3 with value: 0.6809914711161238.
[2025-11-19T23:29:54.666+0000] {subprocess.py:93} INFO - /home/***/.local/lib/python3.8/site-packages/xgboost/core.py:158: UserWarning: [23:29:43] WARNING: /workspace/src/learner.cc:740:
[2025-11-19T23:29:54.667+0000] {subprocess.py:93} INFO - Parameters: { "use_label_encoder" } are not used.
[2025-11-19T23:29:54.668+0000] {subprocess.py:93} INFO - 
[2025-11-19T23:29:54.668+0000] {subprocess.py:93} INFO -   warnings.warn(smsg, UserWarning)
[2025-11-19T23:29:54.669+0000] {subprocess.py:93} INFO - [I 2025-11-19 23:29:54,666] Trial 4 finished with value: 0.6068184665786166 and parameters: {'n_estimators': 113, 'max_depth': 4, 'learning_rate': 0.24990473553148537, 'subsample': 0.8835975042206344, 'colsample_bytree': 0.8876106331436593}. Best is trial 3 with value: 0.6809914711161238.
[2025-11-19T23:30:39.857+0000] {subprocess.py:93} INFO - /home/***/.local/lib/python3.8/site-packages/xgboost/core.py:158: UserWarning: [23:29:54] WARNING: /workspace/src/learner.cc:740:
[2025-11-19T23:30:39.858+0000] {subprocess.py:93} INFO - Parameters: { "use_label_encoder" } are not used.
[2025-11-19T23:30:39.858+0000] {subprocess.py:93} INFO - 
[2025-11-19T23:30:39.859+0000] {subprocess.py:93} INFO -   warnings.warn(smsg, UserWarning)
[2025-11-19T23:30:39.859+0000] {subprocess.py:93} INFO - [I 2025-11-19 23:30:39,857] Trial 5 finished with value: 0.6188678735347876 and parameters: {'n_estimators': 181, 'max_depth': 8, 'learning_rate': 0.028617261994420124, 'subsample': 0.8021564551397002, 'colsample_bytree': 0.9528016726873076}. Best is trial 3 with value: 0.6809914711161238.
[2025-11-19T23:30:57.565+0000] {subprocess.py:93} INFO - /home/***/.local/lib/python3.8/site-packages/xgboost/core.py:158: UserWarning: [23:30:40] WARNING: /workspace/src/learner.cc:740:
[2025-11-19T23:30:57.566+0000] {subprocess.py:93} INFO - Parameters: { "use_label_encoder" } are not used.
[2025-11-19T23:30:57.566+0000] {subprocess.py:93} INFO - 
[2025-11-19T23:30:57.567+0000] {subprocess.py:93} INFO -   warnings.warn(smsg, UserWarning)
[2025-11-19T23:30:57.567+0000] {subprocess.py:93} INFO - [I 2025-11-19 23:30:57,565] Trial 6 finished with value: 0.5956360711342322 and parameters: {'n_estimators': 160, 'max_depth': 4, 'learning_rate': 0.14779526668751253, 'subsample': 0.8965930177448669, 'colsample_bytree': 0.9399390331703856}. Best is trial 3 with value: 0.6809914711161238.
[2025-11-19T23:31:35.640+0000] {subprocess.py:93} INFO - /home/***/.local/lib/python3.8/site-packages/xgboost/core.py:158: UserWarning: [23:30:57] WARNING: /workspace/src/learner.cc:740:
[2025-11-19T23:31:35.640+0000] {subprocess.py:93} INFO - Parameters: { "use_label_encoder" } are not used.
[2025-11-19T23:31:35.641+0000] {subprocess.py:93} INFO - 
[2025-11-19T23:31:35.641+0000] {subprocess.py:93} INFO -   warnings.warn(smsg, UserWarning)
[2025-11-19T23:31:35.642+0000] {subprocess.py:93} INFO - [I 2025-11-19 23:31:35,639] Trial 7 finished with value: 0.5904007783615243 and parameters: {'n_estimators': 139, 'max_depth': 7, 'learning_rate': 0.028668316569341712, 'subsample': 0.694072909732883, 'colsample_bytree': 0.9412390489804099}. Best is trial 3 with value: 0.6809914711161238.
[2025-11-19T23:31:46.305+0000] {subprocess.py:93} INFO - /home/***/.local/lib/python3.8/site-packages/xgboost/core.py:158: UserWarning: [23:31:35] WARNING: /workspace/src/learner.cc:740:
[2025-11-19T23:31:46.306+0000] {subprocess.py:93} INFO - Parameters: { "use_label_encoder" } are not used.
[2025-11-19T23:31:46.307+0000] {subprocess.py:93} INFO - 
[2025-11-19T23:31:46.307+0000] {subprocess.py:93} INFO -   warnings.warn(smsg, UserWarning)
[2025-11-19T23:31:46.307+0000] {subprocess.py:93} INFO - [I 2025-11-19 23:31:46,305] Trial 8 finished with value: 0.5269114480152909 and parameters: {'n_estimators': 120, 'max_depth': 3, 'learning_rate': 0.02995746194638102, 'subsample': 0.9382943201731768, 'colsample_bytree': 0.9713168784683142}. Best is trial 3 with value: 0.6809914711161238.
[2025-11-19T23:31:57.413+0000] {subprocess.py:93} INFO - /home/***/.local/lib/python3.8/site-packages/xgboost/core.py:158: UserWarning: [23:31:46] WARNING: /workspace/src/learner.cc:740:
[2025-11-19T23:31:57.414+0000] {subprocess.py:93} INFO - Parameters: { "use_label_encoder" } are not used.
[2025-11-19T23:31:57.414+0000] {subprocess.py:93} INFO - 
[2025-11-19T23:31:57.415+0000] {subprocess.py:93} INFO -   warnings.warn(smsg, UserWarning)
[2025-11-19T23:31:57.415+0000] {subprocess.py:93} INFO - [I 2025-11-19 23:31:57,413] Trial 9 finished with value: 0.5693640878764885 and parameters: {'n_estimators': 107, 'max_depth': 4, 'learning_rate': 0.11152371453120655, 'subsample': 0.9391710825932156, 'colsample_bytree': 0.6694957331322032}. Best is trial 3 with value: 0.6809914711161238.
[2025-11-19T23:32:35.262+0000] {subprocess.py:93} INFO - /home/***/.local/lib/python3.8/site-packages/xgboost/core.py:158: UserWarning: [23:31:57] WARNING: /workspace/src/learner.cc:740:
[2025-11-19T23:32:35.263+0000] {subprocess.py:93} INFO - Parameters: { "use_label_encoder" } are not used.
[2025-11-19T23:32:35.264+0000] {subprocess.py:93} INFO - 
[2025-11-19T23:32:35.265+0000] {subprocess.py:93} INFO -   warnings.warn(smsg, UserWarning)
[2025-11-19T23:32:35.265+0000] {subprocess.py:93} INFO - [I 2025-11-19 23:32:35,262] Trial 10 finished with value: 0.5829533909083418 and parameters: {'n_estimators': 128, 'max_depth': 8, 'learning_rate': 0.012180848968206337, 'subsample': 0.6026847187788351, 'colsample_bytree': 0.6060481776709254}. Best is trial 3 with value: 0.6809914711161238.
[2025-11-19T23:33:18.957+0000] {subprocess.py:93} INFO - /home/***/.local/lib/python3.8/site-packages/xgboost/core.py:158: UserWarning: [23:32:35] WARNING: /workspace/src/learner.cc:740:
[2025-11-19T23:33:18.958+0000] {subprocess.py:93} INFO - Parameters: { "use_label_encoder" } are not used.
[2025-11-19T23:33:18.958+0000] {subprocess.py:93} INFO - 
[2025-11-19T23:33:18.958+0000] {subprocess.py:93} INFO -   warnings.warn(smsg, UserWarning)
[2025-11-19T23:33:18.959+0000] {subprocess.py:93} INFO - [I 2025-11-19 23:33:18,957] Trial 11 finished with value: 0.6318269438930032 and parameters: {'n_estimators': 199, 'max_depth': 6, 'learning_rate': 0.0847169853125266, 'subsample': 0.714731180938637, 'colsample_bytree': 0.7594603482723727}. Best is trial 3 with value: 0.6809914711161238.
[2025-11-19T23:34:09.273+0000] {subprocess.py:93} INFO - /home/***/.local/lib/python3.8/site-packages/xgboost/core.py:158: UserWarning: [23:33:19] WARNING: /workspace/src/learner.cc:740:
[2025-11-19T23:34:09.274+0000] {subprocess.py:93} INFO - Parameters: { "use_label_encoder" } are not used.
[2025-11-19T23:34:09.275+0000] {subprocess.py:93} INFO - 
[2025-11-19T23:34:09.275+0000] {subprocess.py:93} INFO -   warnings.warn(smsg, UserWarning)
[2025-11-19T23:34:09.275+0000] {subprocess.py:93} INFO - [I 2025-11-19 23:34:09,273] Trial 12 finished with value: 0.6531620997800177 and parameters: {'n_estimators': 198, 'max_depth': 7, 'learning_rate': 0.0792560102384274, 'subsample': 0.6990998478604044, 'colsample_bytree': 0.7515160879705955}. Best is trial 3 with value: 0.6809914711161238.
[2025-11-19T23:34:40.844+0000] {subprocess.py:93} INFO - /home/***/.local/lib/python3.8/site-packages/xgboost/core.py:158: UserWarning: [23:34:09] WARNING: /workspace/src/learner.cc:740:
[2025-11-19T23:34:40.844+0000] {subprocess.py:93} INFO - Parameters: { "use_label_encoder" } are not used.
[2025-11-19T23:34:40.845+0000] {subprocess.py:93} INFO - 
[2025-11-19T23:34:40.845+0000] {subprocess.py:93} INFO -   warnings.warn(smsg, UserWarning)
[2025-11-19T23:34:40.846+0000] {subprocess.py:93} INFO - [I 2025-11-19 23:34:40,843] Trial 13 finished with value: 0.7023882349655671 and parameters: {'n_estimators': 159, 'max_depth': 7, 'learning_rate': 0.25615139924070496, 'subsample': 0.666966805998322, 'colsample_bytree': 0.7226607015321305}. Best is trial 13 with value: 0.7023882349655671.
[2025-11-19T23:35:06.425+0000] {subprocess.py:93} INFO - /home/***/.local/lib/python3.8/site-packages/xgboost/core.py:158: UserWarning: [23:34:41] WARNING: /workspace/src/learner.cc:740:
[2025-11-19T23:35:06.426+0000] {subprocess.py:93} INFO - Parameters: { "use_label_encoder" } are not used.
[2025-11-19T23:35:06.427+0000] {subprocess.py:93} INFO - 
[2025-11-19T23:35:06.428+0000] {subprocess.py:93} INFO -   warnings.warn(smsg, UserWarning)
[2025-11-19T23:35:06.428+0000] {subprocess.py:93} INFO - [I 2025-11-19 23:35:06,425] Trial 14 finished with value: 0.7053279311244692 and parameters: {'n_estimators': 158, 'max_depth': 7, 'learning_rate': 0.2825512639314517, 'subsample': 0.6119056725788077, 'colsample_bytree': 0.6875074046358997}. Best is trial 14 with value: 0.7053279311244692.
[2025-11-19T23:35:39.138+0000] {subprocess.py:93} INFO - /home/***/.local/lib/python3.8/site-packages/xgboost/core.py:158: UserWarning: [23:35:06] WARNING: /workspace/src/learner.cc:740:
[2025-11-19T23:35:39.139+0000] {subprocess.py:93} INFO - Parameters: { "use_label_encoder" } are not used.
[2025-11-19T23:35:39.139+0000] {subprocess.py:93} INFO - 
[2025-11-19T23:35:39.140+0000] {subprocess.py:93} INFO -   warnings.warn(smsg, UserWarning)
[2025-11-19T23:35:39.140+0000] {subprocess.py:93} INFO - [I 2025-11-19 23:35:39,138] Trial 15 finished with value: 0.7051522333775453 and parameters: {'n_estimators': 160, 'max_depth': 7, 'learning_rate': 0.2664095677777643, 'subsample': 0.7495320620285932, 'colsample_bytree': 0.7050130893543107}. Best is trial 14 with value: 0.7053279311244692.
[2025-11-19T23:35:59.240+0000] {subprocess.py:93} INFO - /home/***/.local/lib/python3.8/site-packages/xgboost/core.py:158: UserWarning: [23:35:39] WARNING: /workspace/src/learner.cc:740:
[2025-11-19T23:35:59.240+0000] {subprocess.py:93} INFO - Parameters: { "use_label_encoder" } are not used.
[2025-11-19T23:35:59.241+0000] {subprocess.py:93} INFO - 
[2025-11-19T23:35:59.241+0000] {subprocess.py:93} INFO -   warnings.warn(smsg, UserWarning)
[2025-11-19T23:35:59.242+0000] {subprocess.py:93} INFO - [I 2025-11-19 23:35:59,239] Trial 16 finished with value: 0.6379051127117348 and parameters: {'n_estimators': 161, 'max_depth': 8, 'learning_rate': 0.05140714076360738, 'subsample': 0.7553695131398905, 'colsample_bytree': 0.6681142894526331}. Best is trial 14 with value: 0.7053279311244692.
[2025-11-19T23:36:34.421+0000] {subprocess.py:93} INFO - /home/***/.local/lib/python3.8/site-packages/xgboost/core.py:158: UserWarning: [23:35:59] WARNING: /workspace/src/learner.cc:740:
[2025-11-19T23:36:34.422+0000] {subprocess.py:93} INFO - Parameters: { "use_label_encoder" } are not used.
[2025-11-19T23:36:34.423+0000] {subprocess.py:93} INFO - 
[2025-11-19T23:36:34.423+0000] {subprocess.py:93} INFO -   warnings.warn(smsg, UserWarning)
[2025-11-19T23:36:34.424+0000] {subprocess.py:93} INFO - [I 2025-11-19 23:36:34,421] Trial 17 finished with value: 0.6891227025029867 and parameters: {'n_estimators': 170, 'max_depth': 6, 'learning_rate': 0.29733954837682, 'subsample': 0.7717373422352712, 'colsample_bytree': 0.6071566750179903}. Best is trial 14 with value: 0.7053279311244692.
[2025-11-19T23:37:06.322+0000] {subprocess.py:93} INFO - /home/***/.local/lib/python3.8/site-packages/xgboost/core.py:158: UserWarning: [23:36:34] WARNING: /workspace/src/learner.cc:740:
[2025-11-19T23:37:06.323+0000] {subprocess.py:93} INFO - Parameters: { "use_label_encoder" } are not used.
[2025-11-19T23:37:06.324+0000] {subprocess.py:93} INFO - 
[2025-11-19T23:37:06.324+0000] {subprocess.py:93} INFO -   warnings.warn(smsg, UserWarning)
[2025-11-19T23:37:06.325+0000] {subprocess.py:93} INFO - [I 2025-11-19 23:37:06,322] Trial 18 finished with value: 0.6824159080047355 and parameters: {'n_estimators': 139, 'max_depth': 7, 'learning_rate': 0.18383952417169208, 'subsample': 0.6052757916954719, 'colsample_bytree': 0.8539295866900455}. Best is trial 14 with value: 0.7053279311244692.
[2025-11-19T23:37:37.018+0000] {subprocess.py:93} INFO - /home/***/.local/lib/python3.8/site-packages/xgboost/core.py:158: UserWarning: [23:37:06] WARNING: /workspace/src/learner.cc:740:
[2025-11-19T23:37:37.019+0000] {subprocess.py:93} INFO - Parameters: { "use_label_encoder" } are not used.
[2025-11-19T23:37:37.019+0000] {subprocess.py:93} INFO - 
[2025-11-19T23:37:37.020+0000] {subprocess.py:93} INFO -   warnings.warn(smsg, UserWarning)
[2025-11-19T23:37:37.020+0000] {subprocess.py:93} INFO - [I 2025-11-19 23:37:37,017] Trial 19 finished with value: 0.6330886182703813 and parameters: {'n_estimators': 151, 'max_depth': 8, 'learning_rate': 0.05044811378815661, 'subsample': 0.8242401072101346, 'colsample_bytree': 0.7192416799096167}. Best is trial 14 with value: 0.7053279311244692.
[2025-11-19T23:38:18.185+0000] {subprocess.py:93} INFO - /home/***/.local/lib/python3.8/site-packages/xgboost/core.py:158: UserWarning: [23:37:37] WARNING: /workspace/src/learner.cc:740:
[2025-11-19T23:38:18.185+0000] {subprocess.py:93} INFO - Parameters: { "use_label_encoder" } are not used.
[2025-11-19T23:38:18.186+0000] {subprocess.py:93} INFO - 
[2025-11-19T23:38:18.186+0000] {subprocess.py:93} INFO -   warnings.warn(smsg, UserWarning)
[2025-11-19T23:38:18.187+0000] {subprocess.py:93} INFO - 2025/11/19 23:38:18 WARNING mlflow.utils.git_utils: Failed to import Git (the Git executable is probably not on your PATH), so Git SHA is not available. Error: Failed to initialize: Bad git executable.
[2025-11-19T23:38:18.187+0000] {subprocess.py:93} INFO - The git executable must be specified in one of the following ways:
[2025-11-19T23:38:18.188+0000] {subprocess.py:93} INFO -     - be included in your $PATH
[2025-11-19T23:38:18.188+0000] {subprocess.py:93} INFO -     - be set via $GIT_PYTHON_GIT_EXECUTABLE
[2025-11-19T23:38:18.189+0000] {subprocess.py:93} INFO -     - explicitly set via git.refresh(<full-path-to-git-executable>)
[2025-11-19T23:38:18.189+0000] {subprocess.py:93} INFO - 
[2025-11-19T23:38:18.189+0000] {subprocess.py:93} INFO - All git commands will error until this is rectified.
[2025-11-19T23:38:18.190+0000] {subprocess.py:93} INFO - 
[2025-11-19T23:38:18.190+0000] {subprocess.py:93} INFO - This initial message can be silenced or aggravated in the future by setting the
[2025-11-19T23:38:18.190+0000] {subprocess.py:93} INFO - $GIT_PYTHON_REFRESH environment variable. Use one of the following values:
[2025-11-19T23:38:18.191+0000] {subprocess.py:93} INFO -     - quiet|q|silence|s|silent|none|n|0: for no message or exception
[2025-11-19T23:38:18.191+0000] {subprocess.py:93} INFO -     - warn|w|warning|log|l|1: for a warning message (logging level CRITICAL, displayed by default)
[2025-11-19T23:38:18.191+0000] {subprocess.py:93} INFO -     - error|e|exception|raise|r|2: for a raised exception
[2025-11-19T23:38:18.192+0000] {subprocess.py:93} INFO - 
[2025-11-19T23:38:18.192+0000] {subprocess.py:93} INFO - Example:
[2025-11-19T23:38:18.192+0000] {subprocess.py:93} INFO -     export GIT_PYTHON_REFRESH=quiet
[2025-11-19T23:38:18.193+0000] {subprocess.py:93} INFO - 
[2025-11-19T23:38:18.505+0000] {subprocess.py:93} INFO - Training finished, F1: 0.7053279311244692
[2025-11-19T23:38:18.824+0000] {subprocess.py:97} INFO - Command exited with return code 0
[2025-11-19T23:38:18.858+0000] {taskinstance.py:1138} INFO - Marking task as SUCCESS. dag_id=full_ml_pipeline_v2, task_id=retrain_task, execution_date=20251119T221950, start_date=20251119T232904, end_date=20251119T233818
[2025-11-19T23:38:18.922+0000] {local_task_job_runner.py:234} INFO - Task exited with return code 0
[2025-11-19T23:38:18.952+0000] {taskinstance.py:3280} INFO - 1 downstream tasks scheduled from follow-on schedule check
