[2025-11-19T22:34:39.918+0000] {subprocess.py:93} INFO - [I 2025-11-19 22:34:39,916] Trial 19 finished with value: 0.5401769462766819 and parameters: {'n_estimators': 190, 'max_depth': 3, 'learning_rate': 0.04086785063699339, 'subsample': 0.9570145882178334, 'colsample_bytree': 0.8559504516816763}. Best is trial 12 with value: 0.7295620996031481.
[2025-11-19T22:34:49.470+0000] {subprocess.py:93} INFO - /home/***/.local/lib/python3.8/site-packages/xgboost/core.py:158: UserWarning: [22:34:40] WARNING: /workspace/src/learner.cc:740:
[2025-11-19T22:34:49.471+0000] {subprocess.py:93} INFO - Parameters: { "use_label_encoder" } are not used.
[2025-11-19T22:34:49.472+0000] {subprocess.py:93} INFO - 
[2025-11-19T22:34:49.472+0000] {subprocess.py:93} INFO -   warnings.warn(smsg, UserWarning)
[2025-11-19T22:34:49.473+0000] {subprocess.py:93} INFO - 2025/11/19 22:34:49 WARNING mlflow.utils.git_utils: Failed to import Git (the Git executable is probably not on your PATH), so Git SHA is not available. Error: Failed to initialize: Bad git executable.
[2025-11-19T22:34:49.473+0000] {subprocess.py:93} INFO - The git executable must be specified in one of the following ways:
[2025-11-19T22:34:49.474+0000] {subprocess.py:93} INFO -     - be included in your $PATH
[2025-11-19T22:34:49.474+0000] {subprocess.py:93} INFO -     - be set via $GIT_PYTHON_GIT_EXECUTABLE
[2025-11-19T22:34:49.475+0000] {subprocess.py:93} INFO -     - explicitly set via git.refresh(<full-path-to-git-executable>)
[2025-11-19T22:34:49.475+0000] {subprocess.py:93} INFO - 
[2025-11-19T22:34:49.476+0000] {subprocess.py:93} INFO - All git commands will error until this is rectified.
[2025-11-19T22:34:49.476+0000] {subprocess.py:93} INFO - 
[2025-11-19T22:34:49.477+0000] {subprocess.py:93} INFO - This initial message can be silenced or aggravated in the future by setting the
[2025-11-19T22:34:49.477+0000] {subprocess.py:93} INFO - $GIT_PYTHON_REFRESH environment variable. Use one of the following values:
[2025-11-19T22:34:49.477+0000] {subprocess.py:93} INFO -     - quiet|q|silence|s|silent|none|n|0: for no message or exception
[2025-11-19T22:34:49.478+0000] {subprocess.py:93} INFO -     - warn|w|warning|log|l|1: for a warning message (logging level CRITICAL, displayed by default)
[2025-11-19T22:34:49.478+0000] {subprocess.py:93} INFO -     - error|e|exception|raise|r|2: for a raised exception
[2025-11-19T22:34:49.478+0000] {subprocess.py:93} INFO - 
[2025-11-19T22:34:49.479+0000] {subprocess.py:93} INFO - Example:
[2025-11-19T22:34:49.479+0000] {subprocess.py:93} INFO -     export GIT_PYTHON_REFRESH=quiet
[2025-11-19T22:34:49.480+0000] {subprocess.py:93} INFO - 
[2025-11-19T22:34:53.607+0000] {subprocess.py:93} INFO - Traceback (most recent call last):
[2025-11-19T22:34:53.608+0000] {subprocess.py:93} INFO -   File "/opt/***/scripts/train_optuna_mlflow.py", line 81, in <module>
[2025-11-19T22:34:53.608+0000] {subprocess.py:93} INFO -     run()
[2025-11-19T22:34:53.609+0000] {subprocess.py:93} INFO -   File "/opt/***/scripts/train_optuna_mlflow.py", line 71, in run
[2025-11-19T22:34:53.609+0000] {subprocess.py:93} INFO -     mlflow.sklearn.log_model(best_model, artifact_path='model')
[2025-11-19T22:34:53.610+0000] {subprocess.py:93} INFO -   File "/home/***/.local/lib/python3.8/site-packages/mlflow/sklearn/__init__.py", line 411, in log_model
[2025-11-19T22:34:53.610+0000] {subprocess.py:93} INFO -     return Model.log(
[2025-11-19T22:34:53.611+0000] {subprocess.py:93} INFO -   File "/home/***/.local/lib/python3.8/site-packages/mlflow/models/model.py", line 620, in log
[2025-11-19T22:34:53.611+0000] {subprocess.py:93} INFO -     mlflow.tracking.fluent.log_artifacts(local_path, mlflow_model.artifact_path)
[2025-11-19T22:34:53.611+0000] {subprocess.py:93} INFO -   File "/home/***/.local/lib/python3.8/site-packages/mlflow/tracking/fluent.py", line 1030, in log_artifacts
[2025-11-19T22:34:53.612+0000] {subprocess.py:93} INFO -     MlflowClient().log_artifacts(run_id, local_dir, artifact_path)
[2025-11-19T22:34:53.612+0000] {subprocess.py:93} INFO -   File "/home/***/.local/lib/python3.8/site-packages/mlflow/tracking/client.py", line 1195, in log_artifacts
[2025-11-19T22:34:53.613+0000] {subprocess.py:93} INFO -     self._tracking_client.log_artifacts(run_id, local_dir, artifact_path)
[2025-11-19T22:34:53.613+0000] {subprocess.py:93} INFO -   File "/home/***/.local/lib/python3.8/site-packages/mlflow/tracking/_tracking_service/client.py", line 538, in log_artifacts
[2025-11-19T22:34:53.614+0000] {subprocess.py:93} INFO -     self._get_artifact_repo(run_id).log_artifacts(local_dir, artifact_path)
[2025-11-19T22:34:53.614+0000] {subprocess.py:93} INFO -   File "/home/***/.local/lib/python3.8/site-packages/mlflow/store/artifact/local_artifact_repo.py", line 59, in log_artifacts
[2025-11-19T22:34:53.614+0000] {subprocess.py:93} INFO -     mkdir(artifact_dir)
[2025-11-19T22:34:53.615+0000] {subprocess.py:93} INFO -   File "/home/***/.local/lib/python3.8/site-packages/mlflow/utils/file_utils.py", line 204, in mkdir
[2025-11-19T22:34:53.615+0000] {subprocess.py:93} INFO -     raise e
[2025-11-19T22:34:53.615+0000] {subprocess.py:93} INFO -   File "/home/***/.local/lib/python3.8/site-packages/mlflow/utils/file_utils.py", line 201, in mkdir
[2025-11-19T22:34:53.616+0000] {subprocess.py:93} INFO -     os.makedirs(target)
[2025-11-19T22:34:53.616+0000] {subprocess.py:93} INFO -   File "/usr/local/lib/python3.8/os.py", line 213, in makedirs
[2025-11-19T22:34:53.617+0000] {subprocess.py:93} INFO -     makedirs(head, exist_ok=exist_ok)
[2025-11-19T22:34:53.617+0000] {subprocess.py:93} INFO -   File "/usr/local/lib/python3.8/os.py", line 213, in makedirs
[2025-11-19T22:34:53.617+0000] {subprocess.py:93} INFO -     makedirs(head, exist_ok=exist_ok)
[2025-11-19T22:34:53.618+0000] {subprocess.py:93} INFO -   File "/usr/local/lib/python3.8/os.py", line 213, in makedirs
[2025-11-19T22:34:53.618+0000] {subprocess.py:93} INFO -     makedirs(head, exist_ok=exist_ok)
[2025-11-19T22:34:53.619+0000] {subprocess.py:93} INFO -   [Previous line repeated 1 more time]
[2025-11-19T22:34:53.619+0000] {subprocess.py:93} INFO -   File "/usr/local/lib/python3.8/os.py", line 223, in makedirs
[2025-11-19T22:34:53.619+0000] {subprocess.py:93} INFO -     mkdir(name, mode)
[2025-11-19T22:34:53.620+0000] {subprocess.py:93} INFO - PermissionError: [Errno 13] Permission denied: '/mlruns'
[2025-11-19T22:34:54.159+0000] {subprocess.py:97} INFO - Command exited with return code 1
[2025-11-19T22:34:54.171+0000] {taskinstance.py:2698} ERROR - Task failed with exception
Traceback (most recent call last):
  File "/home/airflow/.local/lib/python3.8/site-packages/airflow/models/taskinstance.py", line 433, in _execute_task
    result = execute_callable(context=context, **execute_callable_kwargs)
  File "/home/airflow/.local/lib/python3.8/site-packages/airflow/operators/bash.py", line 212, in execute
    raise AirflowException(
airflow.exceptions.AirflowException: Bash command failed. The command returned a non-zero exit code 1.
[2025-11-19T22:34:54.174+0000] {taskinstance.py:1138} INFO - Marking task as FAILED. dag_id=full_ml_pipeline_v2, task_id=retrain_task, execution_date=20251119T221950, start_date=20251119T222752, end_date=20251119T223454
[2025-11-19T22:34:54.190+0000] {standard_task_runner.py:107} ERROR - Failed to execute job 28 for task retrain_task (Bash command failed. The command returned a non-zero exit code 1.; 273)
[2025-11-19T22:34:54.201+0000] {local_task_job_runner.py:234} INFO - Task exited with return code 1
[2025-11-19T22:34:54.223+0000] {taskinstance.py:3280} INFO - 0 downstream tasks scheduled from follow-on schedule check
