[2025-11-19T23:02:41.881+0000] {subprocess.py:93} INFO - [I 2025-11-19 23:02:41,879] Trial 19 finished with value: 0.5843579289346319 and parameters: {'n_estimators': 164, 'max_depth': 6, 'learning_rate': 0.0363923581925713, 'subsample': 0.8221170396687189, 'colsample_bytree': 0.8448672825197606}. Best is trial 1 with value: 0.7093464825772268.
[2025-11-19T23:03:24.305+0000] {subprocess.py:93} INFO - /home/***/.local/lib/python3.8/site-packages/xgboost/core.py:158: UserWarning: [23:02:42] WARNING: /workspace/src/learner.cc:740:
[2025-11-19T23:03:24.306+0000] {subprocess.py:93} INFO - Parameters: { "use_label_encoder" } are not used.
[2025-11-19T23:03:24.307+0000] {subprocess.py:93} INFO - 
[2025-11-19T23:03:24.308+0000] {subprocess.py:93} INFO -   warnings.warn(smsg, UserWarning)
[2025-11-19T23:03:24.308+0000] {subprocess.py:93} INFO - 2025/11/19 23:03:24 WARNING mlflow.utils.git_utils: Failed to import Git (the Git executable is probably not on your PATH), so Git SHA is not available. Error: Failed to initialize: Bad git executable.
[2025-11-19T23:03:24.309+0000] {subprocess.py:93} INFO - The git executable must be specified in one of the following ways:
[2025-11-19T23:03:24.309+0000] {subprocess.py:93} INFO -     - be included in your $PATH
[2025-11-19T23:03:24.310+0000] {subprocess.py:93} INFO -     - be set via $GIT_PYTHON_GIT_EXECUTABLE
[2025-11-19T23:03:24.311+0000] {subprocess.py:93} INFO -     - explicitly set via git.refresh(<full-path-to-git-executable>)
[2025-11-19T23:03:24.311+0000] {subprocess.py:93} INFO - 
[2025-11-19T23:03:24.312+0000] {subprocess.py:93} INFO - All git commands will error until this is rectified.
[2025-11-19T23:03:24.312+0000] {subprocess.py:93} INFO - 
[2025-11-19T23:03:24.312+0000] {subprocess.py:93} INFO - This initial message can be silenced or aggravated in the future by setting the
[2025-11-19T23:03:24.313+0000] {subprocess.py:93} INFO - $GIT_PYTHON_REFRESH environment variable. Use one of the following values:
[2025-11-19T23:03:24.313+0000] {subprocess.py:93} INFO -     - quiet|q|silence|s|silent|none|n|0: for no message or exception
[2025-11-19T23:03:24.314+0000] {subprocess.py:93} INFO -     - warn|w|warning|log|l|1: for a warning message (logging level CRITICAL, displayed by default)
[2025-11-19T23:03:24.315+0000] {subprocess.py:93} INFO -     - error|e|exception|raise|r|2: for a raised exception
[2025-11-19T23:03:24.315+0000] {subprocess.py:93} INFO - 
[2025-11-19T23:03:24.316+0000] {subprocess.py:93} INFO - Example:
[2025-11-19T23:03:24.316+0000] {subprocess.py:93} INFO -     export GIT_PYTHON_REFRESH=quiet
[2025-11-19T23:03:24.317+0000] {subprocess.py:93} INFO - 
[2025-11-19T23:03:28.862+0000] {subprocess.py:93} INFO - Traceback (most recent call last):
[2025-11-19T23:03:28.862+0000] {subprocess.py:93} INFO -   File "/opt/***/scripts/train_optuna_mlflow.py", line 81, in <module>
[2025-11-19T23:03:28.863+0000] {subprocess.py:93} INFO -     run()
[2025-11-19T23:03:28.864+0000] {subprocess.py:93} INFO -   File "/opt/***/scripts/train_optuna_mlflow.py", line 71, in run
[2025-11-19T23:03:28.865+0000] {subprocess.py:93} INFO -     mlflow.sklearn.log_model(best_model, artifact_path='model')
[2025-11-19T23:03:28.865+0000] {subprocess.py:93} INFO -   File "/home/***/.local/lib/python3.8/site-packages/mlflow/sklearn/__init__.py", line 411, in log_model
[2025-11-19T23:03:28.866+0000] {subprocess.py:93} INFO -     return Model.log(
[2025-11-19T23:03:28.867+0000] {subprocess.py:93} INFO -   File "/home/***/.local/lib/python3.8/site-packages/mlflow/models/model.py", line 620, in log
[2025-11-19T23:03:28.868+0000] {subprocess.py:93} INFO -     mlflow.tracking.fluent.log_artifacts(local_path, mlflow_model.artifact_path)
[2025-11-19T23:03:28.868+0000] {subprocess.py:93} INFO -   File "/home/***/.local/lib/python3.8/site-packages/mlflow/tracking/fluent.py", line 1030, in log_artifacts
[2025-11-19T23:03:28.869+0000] {subprocess.py:93} INFO -     MlflowClient().log_artifacts(run_id, local_dir, artifact_path)
[2025-11-19T23:03:28.870+0000] {subprocess.py:93} INFO -   File "/home/***/.local/lib/python3.8/site-packages/mlflow/tracking/client.py", line 1195, in log_artifacts
[2025-11-19T23:03:28.871+0000] {subprocess.py:93} INFO -     self._tracking_client.log_artifacts(run_id, local_dir, artifact_path)
[2025-11-19T23:03:28.871+0000] {subprocess.py:93} INFO -   File "/home/***/.local/lib/python3.8/site-packages/mlflow/tracking/_tracking_service/client.py", line 538, in log_artifacts
[2025-11-19T23:03:28.872+0000] {subprocess.py:93} INFO -     self._get_artifact_repo(run_id).log_artifacts(local_dir, artifact_path)
[2025-11-19T23:03:28.872+0000] {subprocess.py:93} INFO -   File "/home/***/.local/lib/python3.8/site-packages/mlflow/store/artifact/local_artifact_repo.py", line 59, in log_artifacts
[2025-11-19T23:03:28.873+0000] {subprocess.py:93} INFO -     mkdir(artifact_dir)
[2025-11-19T23:03:28.873+0000] {subprocess.py:93} INFO -   File "/home/***/.local/lib/python3.8/site-packages/mlflow/utils/file_utils.py", line 204, in mkdir
[2025-11-19T23:03:28.874+0000] {subprocess.py:93} INFO -     raise e
[2025-11-19T23:03:28.875+0000] {subprocess.py:93} INFO -   File "/home/***/.local/lib/python3.8/site-packages/mlflow/utils/file_utils.py", line 201, in mkdir
[2025-11-19T23:03:28.875+0000] {subprocess.py:93} INFO -     os.makedirs(target)
[2025-11-19T23:03:28.876+0000] {subprocess.py:93} INFO -   File "/usr/local/lib/python3.8/os.py", line 213, in makedirs
[2025-11-19T23:03:28.876+0000] {subprocess.py:93} INFO -     makedirs(head, exist_ok=exist_ok)
[2025-11-19T23:03:28.877+0000] {subprocess.py:93} INFO -   File "/usr/local/lib/python3.8/os.py", line 213, in makedirs
[2025-11-19T23:03:28.877+0000] {subprocess.py:93} INFO -     makedirs(head, exist_ok=exist_ok)
[2025-11-19T23:03:28.878+0000] {subprocess.py:93} INFO -   File "/usr/local/lib/python3.8/os.py", line 213, in makedirs
[2025-11-19T23:03:28.878+0000] {subprocess.py:93} INFO -     makedirs(head, exist_ok=exist_ok)
[2025-11-19T23:03:28.878+0000] {subprocess.py:93} INFO -   [Previous line repeated 1 more time]
[2025-11-19T23:03:28.879+0000] {subprocess.py:93} INFO -   File "/usr/local/lib/python3.8/os.py", line 223, in makedirs
[2025-11-19T23:03:28.879+0000] {subprocess.py:93} INFO -     mkdir(name, mode)
[2025-11-19T23:03:28.880+0000] {subprocess.py:93} INFO - PermissionError: [Errno 13] Permission denied: '/mlruns'
[2025-11-19T23:03:29.382+0000] {subprocess.py:97} INFO - Command exited with return code 1
[2025-11-19T23:03:29.408+0000] {taskinstance.py:2698} ERROR - Task failed with exception
Traceback (most recent call last):
  File "/home/airflow/.local/lib/python3.8/site-packages/airflow/models/taskinstance.py", line 433, in _execute_task
    result = execute_callable(context=context, **execute_callable_kwargs)
  File "/home/airflow/.local/lib/python3.8/site-packages/airflow/operators/bash.py", line 212, in execute
    raise AirflowException(
airflow.exceptions.AirflowException: Bash command failed. The command returned a non-zero exit code 1.
[2025-11-19T23:03:29.419+0000] {taskinstance.py:1138} INFO - Marking task as UP_FOR_RETRY. dag_id=full_ml_pipeline_v2, task_id=retrain_task, execution_date=20251119T221950, start_date=20251119T225935, end_date=20251119T230329
[2025-11-19T23:03:29.465+0000] {standard_task_runner.py:107} ERROR - Failed to execute job 29 for task retrain_task (Bash command failed. The command returned a non-zero exit code 1.; 407)
[2025-11-19T23:03:29.510+0000] {local_task_job_runner.py:234} INFO - Task exited with return code 1
[2025-11-19T23:03:29.541+0000] {taskinstance.py:3280} INFO - 0 downstream tasks scheduled from follow-on schedule check
