[2025-11-19T23:08:33.283+0000] {taskinstance.py:1956} INFO - Dependencies all met for dep_context=non-requeueable deps ti=<TaskInstance: full_ml_pipeline_v2.retrain_task manual__2025-11-19T22:19:50.757745+00:00 [queued]>
[2025-11-19T23:08:33.297+0000] {taskinstance.py:1956} INFO - Dependencies all met for dep_context=requeueable deps ti=<TaskInstance: full_ml_pipeline_v2.retrain_task manual__2025-11-19T22:19:50.757745+00:00 [queued]>
[2025-11-19T23:08:33.297+0000] {taskinstance.py:2170} INFO - Starting attempt 4 of 4
[2025-11-19T23:08:33.316+0000] {taskinstance.py:2191} INFO - Executing <Task(BashOperator): retrain_task> on 2025-11-19 22:19:50.757745+00:00
[2025-11-19T23:08:33.322+0000] {standard_task_runner.py:60} INFO - Started process 497 to run task
[2025-11-19T23:08:33.325+0000] {standard_task_runner.py:87} INFO - Running: ['***', 'tasks', 'run', 'full_ml_pipeline_v2', 'retrain_task', 'manual__2025-11-19T22:19:50.757745+00:00', '--job-id', '30', '--raw', '--subdir', 'DAGS_FOLDER/pipeline_dag.py', '--cfg-path', '/tmp/tmptkbp3iko']
[2025-11-19T23:08:33.328+0000] {standard_task_runner.py:88} INFO - Job 30: Subtask retrain_task
[2025-11-19T23:08:33.573+0000] {task_command.py:423} INFO - Running <TaskInstance: full_ml_pipeline_v2.retrain_task manual__2025-11-19T22:19:50.757745+00:00 [running]> on host 82cf0d6cbc8c
[2025-11-19T23:08:33.660+0000] {taskinstance.py:2480} INFO - Exporting env vars: AIRFLOW_CTX_DAG_OWNER='equipo_datos' AIRFLOW_CTX_DAG_ID='full_ml_pipeline_v2' AIRFLOW_CTX_TASK_ID='retrain_task' AIRFLOW_CTX_EXECUTION_DATE='2025-11-19T22:19:50.757745+00:00' AIRFLOW_CTX_TRY_NUMBER='4' AIRFLOW_CTX_DAG_RUN_ID='manual__2025-11-19T22:19:50.757745+00:00'
[2025-11-19T23:08:33.662+0000] {subprocess.py:63} INFO - Tmp dir root location: /tmp
[2025-11-19T23:08:33.664+0000] {subprocess.py:75} INFO - Running command: ['/usr/bin/bash', '-c', 'python /opt/***/scripts/train_optuna_mlflow.py']
[2025-11-19T23:08:33.677+0000] {subprocess.py:86} INFO - Output:
[2025-11-19T23:08:36.425+0000] {subprocess.py:93} INFO - [I 2025-11-19 23:08:36,425] A new study created in memory with name: no-name-550e2ebb-4053-4704-a95d-95aebc610a1a
[2025-11-19T23:08:54.003+0000] {subprocess.py:93} INFO - /home/***/.local/lib/python3.8/site-packages/xgboost/core.py:158: UserWarning: [23:08:36] WARNING: /workspace/src/learner.cc:740:
[2025-11-19T23:08:54.004+0000] {subprocess.py:93} INFO - Parameters: { "use_label_encoder" } are not used.
[2025-11-19T23:08:54.005+0000] {subprocess.py:93} INFO - 
[2025-11-19T23:08:54.005+0000] {subprocess.py:93} INFO -   warnings.warn(smsg, UserWarning)
[2025-11-19T23:08:54.006+0000] {subprocess.py:93} INFO - [I 2025-11-19 23:08:54,003] Trial 0 finished with value: 0.6305302203207533 and parameters: {'n_estimators': 161, 'max_depth': 5, 'learning_rate': 0.1642632141124446, 'subsample': 0.7328677466315539, 'colsample_bytree': 0.8094382050428446}. Best is trial 0 with value: 0.6305302203207533.
[2025-11-19T23:09:12.138+0000] {subprocess.py:93} INFO - /home/***/.local/lib/python3.8/site-packages/xgboost/core.py:158: UserWarning: [23:08:54] WARNING: /workspace/src/learner.cc:740:
[2025-11-19T23:09:12.139+0000] {subprocess.py:93} INFO - Parameters: { "use_label_encoder" } are not used.
[2025-11-19T23:09:12.140+0000] {subprocess.py:93} INFO - 
[2025-11-19T23:09:12.140+0000] {subprocess.py:93} INFO -   warnings.warn(smsg, UserWarning)
[2025-11-19T23:09:12.140+0000] {subprocess.py:93} INFO - [I 2025-11-19 23:09:12,137] Trial 1 finished with value: 0.5350615389882412 and parameters: {'n_estimators': 190, 'max_depth': 4, 'learning_rate': 0.011747511584341563, 'subsample': 0.8019840436839456, 'colsample_bytree': 0.9700201699155067}. Best is trial 0 with value: 0.6305302203207533.
[2025-11-19T23:09:35.000+0000] {subprocess.py:93} INFO - /home/***/.local/lib/python3.8/site-packages/xgboost/core.py:158: UserWarning: [23:09:12] WARNING: /workspace/src/learner.cc:740:
[2025-11-19T23:09:35.001+0000] {subprocess.py:93} INFO - Parameters: { "use_label_encoder" } are not used.
[2025-11-19T23:09:35.002+0000] {subprocess.py:93} INFO - 
[2025-11-19T23:09:35.003+0000] {subprocess.py:93} INFO -   warnings.warn(smsg, UserWarning)
[2025-11-19T23:09:35.003+0000] {subprocess.py:93} INFO - [I 2025-11-19 23:09:35,000] Trial 2 finished with value: 0.6078974725623494 and parameters: {'n_estimators': 140, 'max_depth': 4, 'learning_rate': 0.21803957900158535, 'subsample': 0.7773683763906973, 'colsample_bytree': 0.9576950683994788}. Best is trial 0 with value: 0.6305302203207533.
[2025-11-19T23:09:48.782+0000] {subprocess.py:93} INFO - /home/***/.local/lib/python3.8/site-packages/xgboost/core.py:158: UserWarning: [23:09:35] WARNING: /workspace/src/learner.cc:740:
[2025-11-19T23:09:48.783+0000] {subprocess.py:93} INFO - Parameters: { "use_label_encoder" } are not used.
[2025-11-19T23:09:48.784+0000] {subprocess.py:93} INFO - 
[2025-11-19T23:09:48.785+0000] {subprocess.py:93} INFO -   warnings.warn(smsg, UserWarning)
[2025-11-19T23:09:48.785+0000] {subprocess.py:93} INFO - [I 2025-11-19 23:09:48,782] Trial 3 finished with value: 0.605145277161678 and parameters: {'n_estimators': 116, 'max_depth': 5, 'learning_rate': 0.12985854107684028, 'subsample': 0.6179833226993006, 'colsample_bytree': 0.9692905509570424}. Best is trial 0 with value: 0.6305302203207533.
[2025-11-19T23:10:21.856+0000] {subprocess.py:93} INFO - /home/***/.local/lib/python3.8/site-packages/xgboost/core.py:158: UserWarning: [23:09:48] WARNING: /workspace/src/learner.cc:740:
[2025-11-19T23:10:21.857+0000] {subprocess.py:93} INFO - Parameters: { "use_label_encoder" } are not used.
[2025-11-19T23:10:21.857+0000] {subprocess.py:93} INFO - 
[2025-11-19T23:10:21.858+0000] {subprocess.py:93} INFO -   warnings.warn(smsg, UserWarning)
[2025-11-19T23:10:21.859+0000] {subprocess.py:93} INFO - [I 2025-11-19 23:10:21,856] Trial 4 finished with value: 0.5916754053782064 and parameters: {'n_estimators': 181, 'max_depth': 7, 'learning_rate': 0.021856619113313075, 'subsample': 0.9592460363100133, 'colsample_bytree': 0.8801983130144286}. Best is trial 0 with value: 0.6305302203207533.
[2025-11-19T23:10:35.385+0000] {subprocess.py:93} INFO - /home/***/.local/lib/python3.8/site-packages/xgboost/core.py:158: UserWarning: [23:10:22] WARNING: /workspace/src/learner.cc:740:
[2025-11-19T23:10:35.386+0000] {subprocess.py:93} INFO - Parameters: { "use_label_encoder" } are not used.
[2025-11-19T23:10:35.386+0000] {subprocess.py:93} INFO - 
[2025-11-19T23:10:35.387+0000] {subprocess.py:93} INFO -   warnings.warn(smsg, UserWarning)
[2025-11-19T23:10:35.388+0000] {subprocess.py:93} INFO - [I 2025-11-19 23:10:35,385] Trial 5 finished with value: 0.521446822062112 and parameters: {'n_estimators': 127, 'max_depth': 3, 'learning_rate': 0.01767944304169339, 'subsample': 0.6143534476262461, 'colsample_bytree': 0.6420559814368413}. Best is trial 0 with value: 0.6305302203207533.
[2025-11-19T23:11:10.575+0000] {subprocess.py:93} INFO - /home/***/.local/lib/python3.8/site-packages/xgboost/core.py:158: UserWarning: [23:10:35] WARNING: /workspace/src/learner.cc:740:
[2025-11-19T23:11:10.576+0000] {subprocess.py:93} INFO - Parameters: { "use_label_encoder" } are not used.
[2025-11-19T23:11:10.576+0000] {subprocess.py:93} INFO - 
[2025-11-19T23:11:10.577+0000] {subprocess.py:93} INFO -   warnings.warn(smsg, UserWarning)
[2025-11-19T23:11:10.577+0000] {subprocess.py:93} INFO - [I 2025-11-19 23:11:10,574] Trial 6 finished with value: 0.586092668483141 and parameters: {'n_estimators': 196, 'max_depth': 6, 'learning_rate': 0.03369887281790513, 'subsample': 0.8086130878399, 'colsample_bytree': 0.6698312822321971}. Best is trial 0 with value: 0.6305302203207533.
[2025-11-19T23:11:33.509+0000] {subprocess.py:93} INFO - /home/***/.local/lib/python3.8/site-packages/xgboost/core.py:158: UserWarning: [23:11:10] WARNING: /workspace/src/learner.cc:740:
[2025-11-19T23:11:33.510+0000] {subprocess.py:93} INFO - Parameters: { "use_label_encoder" } are not used.
[2025-11-19T23:11:33.510+0000] {subprocess.py:93} INFO - 
[2025-11-19T23:11:33.510+0000] {subprocess.py:93} INFO -   warnings.warn(smsg, UserWarning)
[2025-11-19T23:11:33.511+0000] {subprocess.py:93} INFO - [I 2025-11-19 23:11:33,508] Trial 7 finished with value: 0.5390933250432264 and parameters: {'n_estimators': 195, 'max_depth': 3, 'learning_rate': 0.036566062754249264, 'subsample': 0.7638003322896774, 'colsample_bytree': 0.9794917353891106}. Best is trial 0 with value: 0.6305302203207533.
[2025-11-19T23:11:59.365+0000] {subprocess.py:93} INFO - /home/***/.local/lib/python3.8/site-packages/xgboost/core.py:158: UserWarning: [23:11:33] WARNING: /workspace/src/learner.cc:740:
[2025-11-19T23:11:59.366+0000] {subprocess.py:93} INFO - Parameters: { "use_label_encoder" } are not used.
[2025-11-19T23:11:59.367+0000] {subprocess.py:93} INFO - 
[2025-11-19T23:11:59.367+0000] {subprocess.py:93} INFO -   warnings.warn(smsg, UserWarning)
[2025-11-19T23:11:59.368+0000] {subprocess.py:93} INFO - [I 2025-11-19 23:11:59,365] Trial 8 finished with value: 0.6127905502013637 and parameters: {'n_estimators': 148, 'max_depth': 5, 'learning_rate': 0.12663859513661566, 'subsample': 0.9386396836421577, 'colsample_bytree': 0.9040900554099135}. Best is trial 0 with value: 0.6305302203207533.
[2025-11-19T23:12:20.962+0000] {subprocess.py:93} INFO - /home/***/.local/lib/python3.8/site-packages/xgboost/core.py:158: UserWarning: [23:11:59] WARNING: /workspace/src/learner.cc:740:
[2025-11-19T23:12:20.963+0000] {subprocess.py:93} INFO - Parameters: { "use_label_encoder" } are not used.
[2025-11-19T23:12:20.963+0000] {subprocess.py:93} INFO - 
[2025-11-19T23:12:20.964+0000] {subprocess.py:93} INFO -   warnings.warn(smsg, UserWarning)
[2025-11-19T23:12:20.964+0000] {subprocess.py:93} INFO - [I 2025-11-19 23:12:20,962] Trial 9 finished with value: 0.5389064694897204 and parameters: {'n_estimators': 129, 'max_depth': 4, 'learning_rate': 0.024381080510206463, 'subsample': 0.7406780907860161, 'colsample_bytree': 0.9823277407268806}. Best is trial 0 with value: 0.6305302203207533.
[2025-11-19T23:12:58.872+0000] {subprocess.py:93} INFO - /home/***/.local/lib/python3.8/site-packages/xgboost/core.py:158: UserWarning: [23:12:21] WARNING: /workspace/src/learner.cc:740:
[2025-11-19T23:12:58.873+0000] {subprocess.py:93} INFO - Parameters: { "use_label_encoder" } are not used.
[2025-11-19T23:12:58.874+0000] {subprocess.py:93} INFO - 
[2025-11-19T23:12:58.874+0000] {subprocess.py:93} INFO -   warnings.warn(smsg, UserWarning)
[2025-11-19T23:12:58.875+0000] {subprocess.py:93} INFO - [I 2025-11-19 23:12:58,872] Trial 10 finished with value: 0.6424692941111847 and parameters: {'n_estimators': 168, 'max_depth': 7, 'learning_rate': 0.07536819868518238, 'subsample': 0.6752949219884988, 'colsample_bytree': 0.7478960335670768}. Best is trial 10 with value: 0.6424692941111847.
[2025-11-19T23:13:32.911+0000] {subprocess.py:93} INFO - /home/***/.local/lib/python3.8/site-packages/xgboost/core.py:158: UserWarning: [23:12:59] WARNING: /workspace/src/learner.cc:740:
[2025-11-19T23:13:32.912+0000] {subprocess.py:93} INFO - Parameters: { "use_label_encoder" } are not used.
[2025-11-19T23:13:32.912+0000] {subprocess.py:93} INFO - 
[2025-11-19T23:13:32.913+0000] {subprocess.py:93} INFO -   warnings.warn(smsg, UserWarning)
[2025-11-19T23:13:32.913+0000] {subprocess.py:93} INFO - [I 2025-11-19 23:13:32,911] Trial 11 finished with value: 0.6655646194321754 and parameters: {'n_estimators': 168, 'max_depth': 8, 'learning_rate': 0.07774057196160689, 'subsample': 0.6925339620500228, 'colsample_bytree': 0.7575508524910544}. Best is trial 11 with value: 0.6655646194321754.
[2025-11-19T23:14:16.429+0000] {subprocess.py:93} INFO - /home/***/.local/lib/python3.8/site-packages/xgboost/core.py:158: UserWarning: [23:13:33] WARNING: /workspace/src/learner.cc:740:
[2025-11-19T23:14:16.429+0000] {subprocess.py:93} INFO - Parameters: { "use_label_encoder" } are not used.
[2025-11-19T23:14:16.430+0000] {subprocess.py:93} INFO - 
[2025-11-19T23:14:16.430+0000] {subprocess.py:93} INFO -   warnings.warn(smsg, UserWarning)
[2025-11-19T23:14:16.431+0000] {subprocess.py:93} INFO - [I 2025-11-19 23:14:16,428] Trial 12 finished with value: 0.6548281066053141 and parameters: {'n_estimators': 167, 'max_depth': 8, 'learning_rate': 0.06422385046110626, 'subsample': 0.6857700042991165, 'colsample_bytree': 0.7304197868842124}. Best is trial 11 with value: 0.6655646194321754.
[2025-11-19T23:14:51.701+0000] {subprocess.py:93} INFO - /home/***/.local/lib/python3.8/site-packages/xgboost/core.py:158: UserWarning: [23:14:16] WARNING: /workspace/src/learner.cc:740:
[2025-11-19T23:14:51.702+0000] {subprocess.py:93} INFO - Parameters: { "use_label_encoder" } are not used.
[2025-11-19T23:14:51.703+0000] {subprocess.py:93} INFO - 
[2025-11-19T23:14:51.703+0000] {subprocess.py:93} INFO -   warnings.warn(smsg, UserWarning)
[2025-11-19T23:14:51.704+0000] {subprocess.py:93} INFO - [I 2025-11-19 23:14:51,700] Trial 13 finished with value: 0.6610566963686633 and parameters: {'n_estimators': 170, 'max_depth': 8, 'learning_rate': 0.07095712734373116, 'subsample': 0.6883972772877612, 'colsample_bytree': 0.7244388625609698}. Best is trial 11 with value: 0.6655646194321754.
[2025-11-19T23:15:28.528+0000] {subprocess.py:93} INFO - /home/***/.local/lib/python3.8/site-packages/xgboost/core.py:158: UserWarning: [23:14:51] WARNING: /workspace/src/learner.cc:740:
[2025-11-19T23:15:28.529+0000] {subprocess.py:93} INFO - Parameters: { "use_label_encoder" } are not used.
[2025-11-19T23:15:28.530+0000] {subprocess.py:93} INFO - 
[2025-11-19T23:15:28.530+0000] {subprocess.py:93} INFO -   warnings.warn(smsg, UserWarning)
[2025-11-19T23:15:28.531+0000] {subprocess.py:93} INFO - [I 2025-11-19 23:15:28,528] Trial 14 finished with value: 0.6661740094814498 and parameters: {'n_estimators': 157, 'max_depth': 8, 'learning_rate': 0.09071883587004034, 'subsample': 0.6717225313635381, 'colsample_bytree': 0.6000100442097541}. Best is trial 14 with value: 0.6661740094814498.
[2025-11-19T23:15:54.395+0000] {subprocess.py:93} INFO - /home/***/.local/lib/python3.8/site-packages/xgboost/core.py:158: UserWarning: [23:15:28] WARNING: /workspace/src/learner.cc:740:
[2025-11-19T23:15:54.395+0000] {subprocess.py:93} INFO - Parameters: { "use_label_encoder" } are not used.
[2025-11-19T23:15:54.396+0000] {subprocess.py:93} INFO - 
[2025-11-19T23:15:54.396+0000] {subprocess.py:93} INFO -   warnings.warn(smsg, UserWarning)
[2025-11-19T23:15:54.396+0000] {subprocess.py:93} INFO - [I 2025-11-19 23:15:54,394] Trial 15 finished with value: 0.6449425211103027 and parameters: {'n_estimators': 152, 'max_depth': 7, 'learning_rate': 0.0980089022049733, 'subsample': 0.8352112786760915, 'colsample_bytree': 0.6293539643586904}. Best is trial 14 with value: 0.6661740094814498.
[2025-11-19T23:16:15.602+0000] {subprocess.py:93} INFO - /home/***/.local/lib/python3.8/site-packages/xgboost/core.py:158: UserWarning: [23:15:54] WARNING: /workspace/src/learner.cc:740:
[2025-11-19T23:16:15.603+0000] {subprocess.py:93} INFO - Parameters: { "use_label_encoder" } are not used.
[2025-11-19T23:16:15.604+0000] {subprocess.py:93} INFO - 
[2025-11-19T23:16:15.605+0000] {subprocess.py:93} INFO -   warnings.warn(smsg, UserWarning)
[2025-11-19T23:16:15.605+0000] {subprocess.py:93} INFO - [I 2025-11-19 23:16:15,602] Trial 16 finished with value: 0.7013654789485001 and parameters: {'n_estimators': 101, 'max_depth': 8, 'learning_rate': 0.29840598156914, 'subsample': 0.8851952146141233, 'colsample_bytree': 0.6042934701827494}. Best is trial 16 with value: 0.7013654789485001.
[2025-11-19T23:16:36.803+0000] {subprocess.py:93} INFO - /home/***/.local/lib/python3.8/site-packages/xgboost/core.py:158: UserWarning: [23:16:15] WARNING: /workspace/src/learner.cc:740:
[2025-11-19T23:16:36.804+0000] {subprocess.py:93} INFO - Parameters: { "use_label_encoder" } are not used.
[2025-11-19T23:16:36.805+0000] {subprocess.py:93} INFO - 
[2025-11-19T23:16:36.805+0000] {subprocess.py:93} INFO -   warnings.warn(smsg, UserWarning)
[2025-11-19T23:16:36.805+0000] {subprocess.py:93} INFO - [I 2025-11-19 23:16:36,803] Trial 17 finished with value: 0.6609951537208458 and parameters: {'n_estimators': 111, 'max_depth': 6, 'learning_rate': 0.2682982988750673, 'subsample': 0.8850365679541908, 'colsample_bytree': 0.6009356663564278}. Best is trial 16 with value: 0.7013654789485001.
[2025-11-19T23:16:57.729+0000] {subprocess.py:93} INFO - /home/***/.local/lib/python3.8/site-packages/xgboost/core.py:158: UserWarning: [23:16:37] WARNING: /workspace/src/learner.cc:740:
[2025-11-19T23:16:57.730+0000] {subprocess.py:93} INFO - Parameters: { "use_label_encoder" } are not used.
[2025-11-19T23:16:57.731+0000] {subprocess.py:93} INFO - 
[2025-11-19T23:16:57.731+0000] {subprocess.py:93} INFO -   warnings.warn(smsg, UserWarning)
[2025-11-19T23:16:57.732+0000] {subprocess.py:93} INFO - [I 2025-11-19 23:16:57,729] Trial 18 finished with value: 0.68938410715994 and parameters: {'n_estimators': 106, 'max_depth': 7, 'learning_rate': 0.29895920950138705, 'subsample': 0.8862117083390927, 'colsample_bytree': 0.6902538932297126}. Best is trial 16 with value: 0.7013654789485001.
[2025-11-19T23:17:21.843+0000] {subprocess.py:93} INFO - /home/***/.local/lib/python3.8/site-packages/xgboost/core.py:158: UserWarning: [23:16:57] WARNING: /workspace/src/learner.cc:740:
[2025-11-19T23:17:21.844+0000] {subprocess.py:93} INFO - Parameters: { "use_label_encoder" } are not used.
[2025-11-19T23:17:21.845+0000] {subprocess.py:93} INFO - 
[2025-11-19T23:17:21.845+0000] {subprocess.py:93} INFO -   warnings.warn(smsg, UserWarning)
